eviously unselected package cpp-x86-64-linux-gnu.
[   46.800915] cloud-init[1045]: Preparing to unpack .../23-cpp-x86-64-linux-gnu_4%3a13.2.0-7ubuntu1_amd64.deb ...
[   46.809423] cloud-init[1045]: Unpacking cpp-x86-64-linux-gnu (4:13.2.0-7ubuntu1) ...
[   46.868242] cloud-init[1045]: Selecting previously unselected package cpp.
[   46.876956] cloud-init[1045]: Preparing to unpack .../24-cpp_4%3a13.2.0-7ubuntu1_amd64.deb ...
[   46.891492] cloud-init[1045]: Unpacking cpp (4:13.2.0-7ubuntu1) ...
[   46.950043] cloud-init[1045]: Selecting previously unselected package libcc1-0:amd64.
[   46.958696] cloud-init[1045]: Preparing to unpack .../25-libcc1-0_14.2.0-4ubuntu2~24.04.1_amd64.deb ...
[   46.966290] cloud-init[1045]: Unpacking libcc1-0:amd64 (14.2.0-4ubuntu2~24.04.1) ...
[   47.021888] cloud-init[1045]: Selecting previously unselected package libgomp1:amd64.
[   47.030451] cloud-init[1045]: Preparing to unpack .../26-libgomp1_14.2.0-4ubuntu2~24.04.1_amd64.deb ...
[   47.037353] cloud-init[1045]: Unpacking libgomp1:amd64 (14.2.0-4ubuntu2~24.04.1) ...
[   47.095689] cloud-init[1045]: Selecting previously unselected package libitm1:amd64.
[   47.104221] cloud-init[1045]: Preparing to unpack .../27-libitm1_14.2.0-4ubuntu2~24.04.1_amd64.deb ...
[   47.110886] cloud-init[1045]: Unpacking libitm1:amd64 (14.2.0-4ubuntu2~24.04.1) ...
[   47.165761] cloud-init[1045]: Selecting previously unselected package libatomic1:amd64.
[   47.174450] cloud-init[1045]: Preparing to unpack .../28-libatomic1_14.2.0-4ubuntu2~24.04.1_amd64.deb ...
[   47.181915] cloud-init[1045]: Unpacking libatomic1:amd64 (14.2.0-4ubuntu2~24.04.1) ...
[   47.237203] cloud-init[1045]: Selecting previously unselected package libasan8:amd64.
[   47.245543] cloud-init[1045]: Preparing to unpack .../29-libasan8_14.2.0-4ubuntu2~24.04.1_amd64.deb ...
[   47.253311] cloud-init[1045]: Unpacking libasan8:amd64 (14.2.0-4ubuntu2~24.04.1) ...
[   47.372685] cloud-init[1045]: Selecting previously unselected package liblsan0:amd64.
[   47.381317] cloud-init[1045]: Preparing to unpack .../30-liblsan0_14.2.0-4ubuntu2~24.04.1_amd64.deb ...
[   47.387710] cloud-init[1045]: Unpacking liblsan0:amd64 (14.2.0-4ubuntu2~24.04.1) ...
[   47.463650] cloud-init[1045]: Selecting previously unselected package libtsan2:amd64.
[   47.472415] cloud-init[1045]: Preparing to unpack .../31-libtsan2_14.2.0-4ubuntu2~24.04.1_amd64.deb ...
[   47.479105] cloud-init[1045]: Unpacking libtsan2:amd64 (14.2.0-4ubuntu2~24.04.1) ...
[   47.583376] cloud-init[1045]: Selecting previously unselected package libubsan1:amd64.
[   47.597719] cloud-init[1045]: Preparing to unpack .../32-libubsan1_14.2.0-4ubuntu2~24.04.1_amd64.deb ...
[   47.605576] cloud-init[1045]: Unpacking libubsan1:amd64 (14.2.0-4ubuntu2~24.04.1) ...
[   47.667871] cloud-init[1045]: Selecting previously unselected package libhwasan0:amd64.
[   47.676540] cloud-init[1045]: Preparing to unpack .../33-libhwasan0_14.2.0-4ubuntu2~24.04.1_amd64.deb ...
[   47.682369] cloud-init[1045]: Unpacking libhwasan0:amd64 (14.2.0-4ubuntu2~24.04.1) ...
[   47.769894] cloud-init[1045]: Selecting previously unselected package libquadmath0:amd64.
[   47.778564] cloud-init[1045]: Preparing to unpack .../34-libquadmath0_14.2.0-4ubuntu2~24.04.1_amd64.deb ...
[   47.785571] cloud-init[1045]: Unpacking libquadmath0:amd64 (14.2.0-4ubuntu2~24.04.1) ...
[   47.832747] cloud-init[1045]: Selecting previously unselected package libgcc-13-dev:amd64.
[   47.842223] cloud-init[1045]: Preparing to unpack .../35-libgcc-13-dev_13.3.0-6ubuntu2~24.04.1_amd64.deb ...
[   47.848925] cloud-init[1045]: Unpacking libgcc-13-dev:amd64 (13.3.0-6ubuntu2~24.04.1) ...
[   47.994196] cloud-init[1045]: Selecting previously unselected package gcc-13-x86-64-linux-gnu.
[   48.003431] cloud-init[1045]: Preparing to unpack .../36-gcc-13-x86-64-linux-gnu_13.3.0-6ubuntu2~24.04.1_amd64.deb ...
[   48.010826] cloud-init[1045]: Unpacking gcc-13-x86-64-linux-gnu (13.3.0-6ubuntu2~24.04.1) ...
[   48.494569] cloud-init[1045]: Selecting previously unselected package gcc-13.
[   48.502973] cloud-init[1045]: Preparing to unpack .../37-gcc-13_13.3.0-6ubuntu2~24.04.1_amd64.deb ...
[   48.510116] cloud-init[1045]: Unpacking gcc-13 (13.3.0-6ubuntu2~24.04.1) ...
[   48.561891] cloud-init[1045]: Selecting previously unselected package gcc-x86-64-linux-gnu.
[   48.571432] cloud-init[1045]: Preparing to unpack .../38-gcc-x86-64-linux-gnu_4%3a13.2.0-7ubuntu1_amd64.deb ...
[   48.578491] cloud-init[1045]: Unpacking gcc-x86-64-linux-gnu (4:13.2.0-7ubuntu1) ...
[   48.628291] cloud-init[1045]: Selecting previously unselected package gcc.
[   48.636942] cloud-init[1045]: Preparing to unpack .../39-gcc_4%3a13.2.0-7ubuntu1_amd64.deb ...
[   48.643910] cloud-init[1045]: Unpacking gcc (4:13.2.0-7ubuntu1) ...
[   48.691933] cloud-init[1045]: Selecting previously unselected package libstdc++-13-dev:amd64.
[   48.701152] cloud-init[1045]: Preparing to unpack .../40-libstdc++-13-dev_13.3.0-6ubuntu2~24.04.1_amd64.deb ...
[   48.708233] cloud-init[1045]: Unpacking libstdc++-13-dev:amd64 (13.3.0-6ubuntu2~24.04.1) ...
[   48.964492] cloud-init[1045]: Selecting previously unselected package g++-13-x86-64-linux-gnu.
[   48.974099] cloud-init[1045]: Preparing to unpack .../41-g++-13-x86-64-linux-gnu_13.3.0-6ubuntu2~24.04.1_amd64.deb ...
[   48.981827] cloud-init[1045]: Unpacking g++-13-x86-64-linux-gnu (13.3.0-6ubuntu2~24.04.1) ...
[   49.288354] cloud-init[1045]: Selecting previously unselected package g++-13.
[   49.297098] cloud-init[1045]: Preparing to unpack .../42-g++-13_13.3.0-6ubuntu2~24.04.1_amd64.deb ...
[   49.304381] cloud-init[1045]: Unpacking g++-13 (13.3.0-6ubuntu2~24.04.1) ...
[   49.349708] cloud-init[1045]: Selecting previously unselected package g++-x86-64-linux-gnu.
[   49.358592] cloud-init[1045]: Preparing to unpack .../43-g++-x86-64-linux-gnu_4%3a13.2.0-7ubuntu1_amd64.deb ...
[   49.364331] cloud-init[1045]: Unpacking g++-x86-64-linux-gnu (4:13.2.0-7ubuntu1) ...
[   49.412057] cloud-init[1045]: Selecting previously unselected package g++.
[   49.420573] cloud-init[1045]: Preparing to unpack .../44-g++_4%3a13.2.0-7ubuntu1_amd64.deb ...
[   49.427187] cloud-init[1045]: Unpacking g++ (4:13.2.0-7ubuntu1) ...
[   49.468275] cloud-init[1045]: Selecting previously unselected package make.
[   49.477109] cloud-init[1045]: Preparing to unpack .../45-make_4.3-4.1build2_amd64.deb ...
[   49.483605] cloud-init[1045]: Unpacking make (4.3-4.1build2) ...
[   49.533692] cloud-init[1045]: Selecting previously unselected package libdpkg-perl.
[   49.542431] cloud-init[1045]: Preparing to unpack .../46-libdpkg-perl_1.22.6ubuntu6.5_all.deb ...
[   49.548854] cloud-init[1045]: Unpacking libdpkg-perl (1.22.6ubuntu6.5) ...
[   49.631605] cloud-init[1045]: Selecting previously unselected package bzip2.
[   49.640666] cloud-init[1045]: Preparing to unpack .../47-bzip2_1.0.8-5.1build0.1_amd64.deb ...
[   49.647912] cloud-init[1045]: Unpacking bzip2 (1.0.8-5.1build0.1) ...
[   49.696243] cloud-init[1045]: Selecting previously unselected package lto-disabled-list.
[   49.705100] cloud-init[1045]: Preparing to unpack .../48-lto-disabled-list_47_all.deb ...
[   49.711438] cloud-init[1045]: Unpacking lto-disabled-list (47) ...
[   49.760126] cloud-init[1045]: Selecting previously unselected package dpkg-dev.
[   49.768772] cloud-init[1045]: Preparing to unpack .../49-dpkg-dev_1.22.6ubuntu6.5_all.deb ...
[   49.775475] cloud-init[1045]: Unpacking dpkg-dev (1.22.6ubuntu6.5) ...
[   49.899449] cloud-init[1045]: Selecting previously unselected package build-essential.
[   49.908389] cloud-init[1045]: Preparing to unpack .../50-build-essential_12.10ubuntu1_amd64.deb ...
[   49.915271] cloud-init[1045]: Unpacking build-essential (12.10ubuntu1) ...
[   49.969970] cloud-init[1045]: Selecting previously unselected package libfakeroot:amd64.
[   49.978845] cloud-init[1045]: Preparing to unpack .../51-libfakeroot_1.33-1_amd64.deb ...
[   49.985462] cloud-init[1045]: Unpacking libfakeroot:amd64 (1.33-1) ...
[   50.039318] cloud-init[1045]: Selecting previously unselected package fakeroot.
[   50.048208] cloud-init[1045]: Preparing to unpack .../52-fakeroot_1.33-1_amd64.deb ...
[   50.054987] cloud-init[1045]: Unpacking fakeroot (1.33-1) ...
[   50.112564] cloud-init[1045]: Selecting previously unselected package fonts-dejavu-mono.
[   50.121526] cloud-init[1045]: Preparing to unpack .../53-fonts-dejavu-mono_2.37-8_all.deb ...
[   50.128075] cloud-init[1045]: Unpacking fonts-dejavu-mono (2.37-8) ...
[   50.200074] cloud-init[1045]: Selecting previously unselected package fonts-dejavu-core.
[   50.208731] cloud-init[1045]: Preparing to unpack .../54-fonts-dejavu-core_2.37-8_all.deb ...
[   50.232726] cloud-init[1045]: Unpacking fonts-dejavu-core (2.37-8) ...
[   50.311893] cloud-init[1045]: Selecting previously unselected package fontconfig-config.
[   50.320696] cloud-init[1045]: Preparing to unpack .../55-fontconfig-config_2.15.0-1.1ubuntu2_amd64.deb ...
[   50.496945] cloud-init[1045]: Unpacking fontconfig-config (2.15.0-1.1ubuntu2) ...
[   50.579602] cloud-init[1045]: Selecting previously unselected package javascript-common.
[   50.588415] cloud-init[1045]: Preparing to unpack .../56-javascript-common_11+nmu1_all.deb ...
[   50.605949] cloud-init[1045]: Unpacking javascript-common (11+nmu1) ...
[   50.653432] cloud-init[1045]: Selecting previously unselected package libalgorithm-diff-perl.
[   50.662399] cloud-init[1045]: Preparing to unpack .../57-libalgorithm-diff-perl_1.201-1_all.deb ...
[   50.669173] cloud-init[1045]: Unpacking libalgorithm-diff-perl (1.201-1) ...
[   50.719297] cloud-init[1045]: Selecting previously unselected package libalgorithm-diff-xs-perl:amd64.
[   50.728748] cloud-init[1045]: Preparing to unpack .../58-libalgorithm-diff-xs-perl_0.04-8build3_amd64.deb ...
[   50.735902] cloud-init[1045]: Unpacking libalgorithm-diff-xs-perl:amd64 (0.04-8build3) ...
[   50.783744] cloud-init[1045]: Selecting previously unselected package libalgorithm-merge-perl.
[   50.792741] cloud-init[1045]: Preparing to unpack .../59-libalgorithm-merge-perl_0.08-5_all.deb ...
[   50.799781] cloud-init[1045]: Unpacking libalgorithm-merge-perl (0.08-5) ...
[   50.865137] cloud-init[1045]: Selecting previously unselected package libaom3:amd64.
[   50.875169] cloud-init[1045]: Preparing to unpack .../60-libaom3_3.8.2-2ubuntu0.1_amd64.deb ...
[   50.881538] cloud-init[1045]: Unpacking libaom3:amd64 (3.8.2-2ubuntu0.1) ...
[   51.009189] cloud-init[1045]: Selecting previously unselected package libfontconfig1:amd64.
[   51.018354] cloud-init[1045]: Preparing to unpack .../61-libfontconfig1_2.15.0-1.1ubuntu2_amd64.deb ...
[   51.025524] cloud-init[1045]: Unpacking libfontconfig1:amd64 (2.15.0-1.1ubuntu2) ...
[   51.087157] cloud-init[1045]: Selecting previously unselected package libsharpyuv0:amd64.
[   51.095956] cloud-init[1045]: Preparing to unpack .../62-libsharpyuv0_1.3.2-0.4build3_amd64.deb ...
[   51.102863] cloud-init[1045]: Unpacking libsharpyuv0:amd64 (1.3.2-0.4build3) ...
[   51.149923] cloud-init[1045]: Selecting previously unselected package libheif-plugin-aomdec:amd64.
[   51.159137] cloud-init[1045]: Preparing to unpack .../63-libheif-plugin-aomdec_1.17.6-1ubuntu4.2_amd64.deb ...
[   51.165819] cloud-init[1045]: Unpacking libheif-plugin-aomdec:amd64 (1.17.6-1ubuntu4.2) ...
[   51.229586] cloud-init[1045]: Selecting previously unselected package libde265-0:amd64.
[   51.238561] cloud-init[1045]: Preparing to unpack .../64-libde265-0_1.0.15-1build3_amd64.deb ...
[   51.245337] cloud-init[1045]: Unpacking libde265-0:amd64 (1.0.15-1build3) ...
[   51.296798] cloud-init[1045]: Selecting previously unselected package libheif-plugin-libde265:amd64.
[   51.306119] cloud-init[1045]: Preparing to unpack .../65-libheif-plugin-libde265_1.17.6-1ubuntu4.2_amd64.deb ...
[   51.313283] cloud-init[1045]: Unpacking libheif-plugin-libde265:amd64 (1.17.6-1ubuntu4.2) ...
[   51.375447] cloud-init[1045]: Selecting previously unselected package libheif1:amd64.
[   51.384154] cloud-init[1045]: Preparing to unpack .../66-libheif1_1.17.6-1ubuntu4.2_amd64.deb ...
[   51.390717] cloud-init[1045]: Unpacking libheif1:amd64 (1.17.6-1ubuntu4.2) ...
[   51.462030] cloud-init[1045]: Selecting previously unselected package libjpeg-turbo8:amd64.
[   51.470972] cloud-init[1045]: Preparing to unpack .../67-libjpeg-turbo8_2.1.5-2ubuntu2_amd64.deb ...
[   51.477550] cloud-init[1045]: Unpacking libjpeg-turbo8:amd64 (2.1.5-2ubuntu2) ...
[   51.529549] cloud-init[1045]: Selecting previously unselected package libjpeg8:amd64.
[   51.538471] cloud-init[1045]: Preparing to unpack .../68-libjpeg8_8c-2ubuntu11_amd64.deb ...
[   51.544867] cloud-init[1045]: Unpacking libjpeg8:amd64 (8c-2ubuntu11) ...
[   51.599344] cloud-init[1045]: Selecting previously unselected package libdeflate0:amd64.
[   51.607996] cloud-init[1045]: Preparing to unpack .../69-libdeflate0_1.19-1build1.1_amd64.deb ...
[   51.614592] cloud-init[1045]: Unpacking libdeflate0:amd64 (1.19-1build1.1) ...
[   51.669955] cloud-init[1045]: Selecting previously unselected package libjbig0:amd64.
[   51.678851] cloud-init[1045]: Preparing to unpack .../70-libjbig0_2.1-6.1ubuntu2_amd64.deb ...
[   51.686020] cloud-init[1045]: Unpacking libjbig0:amd64 (2.1-6.1ubuntu2) ...
[   51.749608] cloud-init[1045]: Selecting previously unselected package liblerc4:amd64.
[   51.758412] cloud-init[1045]: Preparing to unpack .../71-liblerc4_4.0.0+ds-4ubuntu2_amd64.deb ...
[   51.765108] cloud-init[1045]: Unpacking liblerc4:amd64 (4.0.0+ds-4ubuntu2) ...
[   51.829769] cloud-init[1045]: Selecting previously unselected package libwebp7:amd64.
[   51.839239] cloud-init[1045]: Preparing to unpack .../72-libwebp7_1.3.2-0.4build3_amd64.deb ...
[   51.845801] cloud-init[1045]: Unpacking libwebp7:amd64 (1.3.2-0.4build3) ...
[   51.914378] cloud-init[1045]: Selecting previously unselected package libtiff6:amd64.
[   51.923267] cloud-init[1045]: Preparing to unpack .../73-libtiff6_4.5.1+git230720-4ubuntu2.4_amd64.deb ...
[   51.930146] cloud-init[1045]: Unpacking libtiff6:amd64 (4.5.1+git230720-4ubuntu2.4) ...
[   51.988558] cloud-init[1045]: Selecting previously unselected package libxpm4:amd64.
[   51.997305] cloud-init[1045]: Preparing to unpack .../74-libxpm4_1%3a3.5.17-1build2_amd64.deb ...
[   52.003551] cloud-init[1045]: Unpacking libxpm4:amd64 (1:3.5.17-1build2) ...
[   52.067990] cloud-init[1045]: Selecting previously unselected package libgd3:amd64.
[   52.076671] cloud-init[1045]: Preparing to unpack .../75-libgd3_2.3.3-9ubuntu5_amd64.deb ...
[   52.083346] cloud-init[1045]: Unpacking libgd3:amd64 (2.3.3-9ubuntu5) ...
[   52.135497] cloud-init[1045]: Selecting previously unselected package libc-devtools.
[   52.144866] cloud-init[1045]: Preparing to unpack .../76-libc-devtools_2.39-0ubuntu8.7_amd64.deb ...
[   52.151630] cloud-init[1045]: Unpacking libc-devtools (2.39-0ubuntu8.7) ...
[   52.229224] cloud-init[1045]: Selecting previously unselected package libexpat1-dev:amd64.
[   52.238113] cloud-init[1045]: Preparing to unpack .../77-libexpat1-dev_2.6.1-2ubuntu0.4_amd64.deb ...
[   52.244822] cloud-init[1045]: Unpacking libexpat1-dev:amd64 (2.6.1-2ubuntu0.4) ...
[   52.303201] cloud-init[1045]: Selecting previously unselected package libfile-fcntllock-perl.
[   52.312380] cloud-init[1045]: Preparing to unpack .../78-libfile-fcntllock-perl_0.22-4ubuntu5_amd64.deb ...
[   52.319421] cloud-init[1045]: Unpacking libfile-fcntllock-perl (0.22-4ubuntu5) ...
[   52.368973] cloud-init[1045]: Selecting previously unselected package libheif-plugin-aomenc:amd64.
[   52.378197] cloud-init[1045]: Preparing to unpack .../79-libheif-plugin-aomenc_1.17.6-1ubuntu4.2_amd64.deb ...
[   52.384829] cloud-init[1045]: Unpacking libheif-plugin-aomenc:amd64 (1.17.6-1ubuntu4.2) ...
[   52.452367] cloud-init[1045]: Selecting previously unselected package libjs-jquery.
[   52.461240] cloud-init[1045]: Preparing to unpack .../80-libjs-jquery_3.6.1+dfsg+~3.5.14-1_all.deb ...
[   52.474191] cloud-init[1045]: Unpacking libjs-jquery (3.6.1+dfsg+~3.5.14-1) ...
[   52.529638] cloud-init[1045]: Selecting previously unselected package libjs-underscore.
[   52.538442] cloud-init[1045]: Preparing to unpack .../81-libjs-underscore_1.13.4~dfsg+~1.11.4-3_all.deb ...
[   52.545307] cloud-init[1045]: Unpacking libjs-underscore (1.13.4~dfsg+~1.11.4-3) ...
[   52.602224] cloud-init[1045]: Selecting previously unselected package libjs-sphinxdoc.
[   52.610875] cloud-init[1045]: Preparing to unpack .../82-libjs-sphinxdoc_7.2.6-6_all.deb ...
[   52.617239] cloud-init[1045]: Unpacking libjs-sphinxdoc (7.2.6-6) ...
[   52.675715] cloud-init[1045]: Selecting previously unselected package zlib1g-dev:amd64.
[   52.684548] cloud-init[1045]: Preparing to unpack .../83-zlib1g-dev_1%3a1.3.dfsg-3.1ubuntu2.1_amd64.deb ...
[   52.691085] cloud-init[1045]: Unpacking zlib1g-dev:amd64 (1:1.3.dfsg-3.1ubuntu2.1) ...
[   52.767184] cloud-init[1045]: Selecting previously unselected package libpython3.12-dev:amd64.
[   52.776184] cloud-init[1045]: Preparing to unpack .../84-libpython3.12-dev_3.12.3-1ubuntu0.12_amd64.deb ...
[   52.782703] cloud-init[1045]: Unpacking libpython3.12-dev:amd64 (3.12.3-1ubuntu0.12) ...
[   53.135969] cloud-init[1045]: Selecting previously unselected package libpython3-dev:amd64.
[   53.145080] cloud-init[1045]: Preparing to unpack .../85-libpython3-dev_3.12.3-0ubuntu2.1_amd64.deb ...
[   53.152288] cloud-init[1045]: Unpacking libpython3-dev:amd64 (3.12.3-0ubuntu2.1) ...
[   53.220497] cloud-init[1045]: Preparing to unpack .../86-linux-tools-common_6.8.0-101.101_all.deb ...
[   53.238215] cloud-init[1045]: Unpacking linux-tools-common (6.8.0-101.101) over (6.8.0-100.100) ...
[   53.352957] cloud-init[1045]: Selecting previously unselected package manpages-dev.
[   53.362271] cloud-init[1045]: Preparing to unpack .../87-manpages-dev_6.7-2_all.deb ...
[   53.368683] cloud-init[1045]: Unpacking manpages-dev (6.7-2) ...
[   53.701272] cloud-init[1045]: Selecting previously unselected package python3.12-dev.
[   53.710653] cloud-init[1045]: Preparing to unpack .../88-python3.12-dev_3.12.3-1ubuntu0.12_amd64.deb ...
[   53.717480] cloud-init[1045]: Unpacking python3.12-dev (3.12.3-1ubuntu0.12) ...
[   53.769828] cloud-init[1045]: Selecting previously unselected package python3-dev.
[   53.778876] cloud-init[1045]: Preparing to unpack .../89-python3-dev_3.12.3-0ubuntu2.1_amd64.deb ...
[   53.785095] cloud-init[1045]: Unpacking python3-dev (3.12.3-0ubuntu2.1) ...
[   53.842207] cloud-init[1045]: Selecting previously unselected package python3-wheel.
[   53.851274] cloud-init[1045]: Preparing to unpack .../90-python3-wheel_0.42.0-2_all.deb ...
[   53.857497] cloud-init[1045]: Unpacking python3-wheel (0.42.0-2) ...
[   53.926959] cloud-init[1045]: Selecting previously unselected package python3-pip.
[   53.935920] cloud-init[1045]: Preparing to unpack .../91-python3-pip_24.0+dfsg-1ubuntu1.3_all.deb ...
[   53.942792] cloud-init[1045]: Unpacking python3-pip (24.0+dfsg-1ubuntu1.3) ...
[   54.145927] cloud-init[1045]: Selecting previously unselected package python3-pip-whl.
[   54.155448] cloud-init[1045]: Preparing to unpack .../92-python3-pip-whl_24.0+dfsg-1ubuntu1.3_all.deb ...
[   54.164375] cloud-init[1045]: Unpacking python3-pip-whl (24.0+dfsg-1ubuntu1.3) ...
[   54.289146] cloud-init[1045]: Selecting previously unselected package python3-setuptools-whl.
[   54.298682] cloud-init[1045]: Preparing to unpack .../93-python3-setuptools-whl_68.1.2-2ubuntu1.2_all.deb ...
[   54.305909] cloud-init[1045]: Unpacking python3-setuptools-whl (68.1.2-2ubuntu1.2) ...
[   54.375962] cloud-init[1045]: Selecting previously unselected package python3.12-venv.
[   54.385150] cloud-init[1045]: Preparing to unpack .../94-python3.12-venv_3.12.3-1ubuntu0.12_amd64.deb ...
[   54.391797] cloud-init[1045]: Unpacking python3.12-venv (3.12.3-1ubuntu0.12) ...
[   54.439397] cloud-init[1045]: Selecting previously unselected package python3-venv.
[   54.448554] cloud-init[1045]: Preparing to unpack .../95-python3-venv_3.12.3-0ubuntu2.1_amd64.deb ...
[   54.455498] cloud-init[1045]: Unpacking python3-venv (3.12.3-0ubuntu2.1) ...
[   54.517852] cloud-init[1045]: Setting up javascript-common (11+nmu1) ...
[   54.564396] cloud-init[1045]: Setting up libsharpyuv0:amd64 (1.3.2-0.4build3) ...
[   54.581659] cloud-init[1045]: Setting up libaom3:amd64 (3.8.2-2ubuntu0.1) ...
[   54.599140] cloud-init[1045]: Setting up manpages-dev (6.7-2) ...
[   54.615756] cloud-init[1045]: Setting up python3-setuptools-whl (68.1.2-2ubuntu1.2) ...
[   54.632582] cloud-init[1045]: Setting up lto-disabled-list (47) ...
[   54.649391] cloud-init[1045]: Setting up liblerc4:amd64 (4.0.0+ds-4ubuntu2) ...
[   54.666708] cloud-init[1045]: Setting up libxpm4:amd64 (1:3.5.17-1build2) ...
[   54.684816] cloud-init[1045]: Setting up libfile-fcntllock-perl (0.22-4ubuntu5) ...
[   54.703291] cloud-init[1045]: Setting up python3-pip-whl (24.0+dfsg-1ubuntu1.3) ...
[   54.722053] cloud-init[1045]: Setting up libalgorithm-diff-perl (1.201-1) ...
[   54.739110] cloud-init[1045]: Setting up libpython3.12-minimal:amd64 (3.12.3-1ubuntu0.12) ...
[   54.764442] cloud-init[1045]: Setting up binutils-common:amd64 (2.42-4ubuntu2.8) ...
[   54.786639] cloud-init[1045]: Setting up libdeflate0:amd64 (1.19-1build1.1) ...
[   54.804279] cloud-init[1045]: Setting up linux-libc-dev:amd64 (6.8.0-101.101) ...
[   54.821834] cloud-init[1045]: Setting up libctf-nobfd0:amd64 (2.42-4ubuntu2.8) ...
[   54.840067] cloud-init[1045]: Setting up libgomp1:amd64 (14.2.0-4ubuntu2~24.04.1) ...
[   54.858156] cloud-init[1045]: Setting up bzip2 (1.0.8-5.1build0.1) ...
[   54.874835] cloud-init[1045]: Setting up python3-wheel (0.42.0-2) ...
[   55.546992] cloud-init[1045]: Setting up libjbig0:amd64 (2.1-6.1ubuntu2) ...
[   55.564173] cloud-init[1045]: Setting up libsframe1:amd64 (2.42-4ubuntu2.8) ...
[   55.582531] cloud-init[1045]: Setting up libfakeroot:amd64 (1.33-1) ...
[   55.606938] cloud-init[1045]: Setting up fakeroot (1.33-1) ...
[   55.642420] cloud-init[1045]: update-alternatives: using /usr/bin/fakeroot-sysv to provide /usr/bin/fakeroot (fakeroot) in auto mode
[   55.663810] cloud-init[1045]: Setting up rpcsvc-proto (1.4.2-0ubuntu7) ...
[   55.680272] cloud-init[1045]: Setting up gcc-13-base:amd64 (13.3.0-6ubuntu2~24.04.1) ...
[   55.699190] cloud-init[1045]: Setting up make (4.3-4.1build2) ...
[   55.717693] cloud-init[1045]: Setting up libquadmath0:amd64 (14.2.0-4ubuntu2~24.04.1) ...
[   55.734825] cloud-init[1045]: Setting up fonts-dejavu-mono (2.37-8) ...
[   55.777379] cloud-init[1045]: Setting up libmpc3:amd64 (1.3.1-1build1.1) ...
[   55.801657] cloud-init[1045]: Setting up libatomic1:amd64 (14.2.0-4ubuntu2~24.04.1) ...
[   55.818578] cloud-init[1045]: Setting up fonts-dejavu-core (2.37-8) ...
[   55.902382] cloud-init[1045]: Setting up python3-pip (24.0+dfsg-1ubuntu1.3) ...
[   57.347936] cloud-init[1045]: Setting up libjpeg-turbo8:amd64 (2.1.5-2ubuntu2) ...
[   57.366871] cloud-init[1045]: Setting up libdpkg-perl (1.22.6ubuntu6.5) ...
[   57.383352] cloud-init[1045]: Setting up libwebp7:amd64 (1.3.2-0.4build3) ...
[   57.402650] cloud-init[1045]: Setting up libubsan1:amd64 (14.2.0-4ubuntu2~24.04.1) ...
[   57.419553] cloud-init[1045]: Setting up libhwasan0:amd64 (14.2.0-4ubuntu2~24.04.1) ...
[   57.436218] cloud-init[1045]: Setting up libcrypt-dev:amd64 (1:4.4.36-4build1) ...
[   57.470098] cloud-init[1045]: Setting up libasan8:amd64 (14.2.0-4ubuntu2~24.04.1) ...
[   57.487702] cloud-init[1045]: Setting up libtsan2:amd64 (14.2.0-4ubuntu2~24.04.1) ...
[   57.505284] cloud-init[1045]: Setting up libjs-jquery (3.6.1+dfsg+~3.5.14-1) ...
[   57.528480] cloud-init[1045]: Setting up libbinutils:amd64 (2.42-4ubuntu2.8) ...
[   57.546383] cloud-init[1045]: Setting up libisl23:amd64 (0.26-3build1.1) ...
[   57.566421] cloud-init[1045]: Setting up libde265-0:amd64 (1.0.15-1build3) ...
[   57.583601] cloud-init[1045]: Setting up libc-dev-bin (2.39-0ubuntu8.7) ...
[   57.601713] cloud-init[1045]: Setting up linux-tools-common (6.8.0-101.101) ...
[   57.619856] cloud-init[1045]: Setting up libalgorithm-diff-xs-perl:amd64 (0.04-8build3) ...
[   57.637288] cloud-init[1045]: Setting up libcc1-0:amd64 (14.2.0-4ubuntu2~24.04.1) ...
[   57.661573] cloud-init[1045]: Setting up liblsan0:amd64 (14.2.0-4ubuntu2~24.04.1) ...
[   57.680345] cloud-init[1045]: Setting up libitm1:amd64 (14.2.0-4ubuntu2~24.04.1) ...
[   57.698806] cloud-init[1045]: Setting up libjs-underscore (1.13.4~dfsg+~1.11.4-3) ...
[   57.715544] cloud-init[1045]: Setting up libalgorithm-merge-perl (0.08-5) ...
[   57.732736] cloud-init[1045]: Setting up libctf0:amd64 (2.42-4ubuntu2.8) ...
[   57.752958] cloud-init[1045]: Setting up libjpeg8:amd64 (8c-2ubuntu11) ...
[   57.769563] cloud-init[1045]: Setting up python3.12-minimal (3.12.3-1ubuntu0.12) ...
[   58.734196] cloud-init[1045]: Setting up libpython3.12-stdlib:amd64 (3.12.3-1ubuntu0.12) ...
[   58.753518] cloud-init[1045]: Setting up cpp-13-x86-64-linux-gnu (13.3.0-6ubuntu2~24.04.1) ...
[   58.771444] cloud-init[1045]: Setting up fontconfig-config (2.15.0-1.1ubuntu2) ...
[   58.976527] cloud-init[1045]: Setting up python3.12 (3.12.3-1ubuntu0.12) ...
[   60.327136] cloud-init[1045]: Setting up libpython3.12t64:amd64 (3.12.3-1ubuntu0.12) ...
[   60.345182] cloud-init[1045]: Setting up libgprofng0:amd64 (2.42-4ubuntu2.8) ...
[   60.364831] cloud-init[1045]: Setting up libjs-sphinxdoc (7.2.6-6) ...
[   60.383463] cloud-init[1045]: Setting up libgcc-13-dev:amd64 (13.3.0-6ubuntu2~24.04.1) ...
[   60.400363] cloud-init[1045]: Setting up libtiff6:amd64 (4.5.1+git230720-4ubuntu2.4) ...
[   60.417543] cloud-init[1045]: Setting up libc6-dev:amd64 (2.39-0ubuntu8.7) ...
[   60.438150] cloud-init[1045]: Setting up libstdc++-13-dev:amd64 (13.3.0-6ubuntu2~24.04.1) ...
[   60.451226] cloud-init[1045]: Setting up binutils-x86-64-linux-gnu (2.42-4ubuntu2.8) ...
[   60.469318] cloud-init[1045]: Setting up cpp-x86-64-linux-gnu (4:13.2.0-7ubuntu1) ...
[   60.487973] cloud-init[1045]: Setting up cpp-13 (13.3.0-6ubuntu2~24.04.1) ...
[   60.504479] cloud-init[1045]: Setting up python3.12-venv (3.12.3-1ubuntu0.12) ...
[   60.580864] cloud-init[1045]: Setting up gcc-13-x86-64-linux-gnu (13.3.0-6ubuntu2~24.04.1) ...
[   60.599858] cloud-init[1045]: Setting up binutils (2.42-4ubuntu2.8) ...
[   60.616721] cloud-init[1045]: Setting up dpkg-dev (1.22.6ubuntu6.5) ...
[   60.646378] cloud-init[1045]: Setting up libexpat1-dev:amd64 (2.6.1-2ubuntu0.4) ...
[   60.666799] cloud-init[1045]: Setting up python3-venv (3.12.3-0ubuntu2.1) ...
[   60.683714] cloud-init[1045]: Setting up gcc-13 (13.3.0-6ubuntu2~24.04.1) ...
[   60.700760] cloud-init[1045]: Setting up zlib1g-dev:amd64 (1:1.3.dfsg-3.1ubuntu2.1) ...
[   60.737937] cloud-init[1045]: Setting up cpp (4:13.2.0-7ubuntu1) ...
[   60.768461] cloud-init[1045]: Setting up g++-13-x86-64-linux-gnu (13.3.0-6ubuntu2~24.04.1) ...
[   60.785655] cloud-init[1045]: Setting up gcc-x86-64-linux-gnu (4:13.2.0-7ubuntu1) ...
[   60.804703] cloud-init[1045]: Setting up libpython3.12-dev:amd64 (3.12.3-1ubuntu0.12) ...
[   60.821879] cloud-init[1045]: Setting up gcc (4:13.2.0-7ubuntu1) ...
[   60.859248] cloud-init[1045]: Setting up python3.12-dev (3.12.3-1ubuntu0.12) ...
[   60.876453] cloud-init[1045]: Setting up g++-x86-64-linux-gnu (4:13.2.0-7ubuntu1) ...
[   60.895462] cloud-init[1045]: Setting up g++-13 (13.3.0-6ubuntu2~24.04.1) ...
[   60.916425] cloud-init[1045]: Setting up libpython3-dev:amd64 (3.12.3-0ubuntu2.1) ...
[   60.933540] cloud-init[1045]: Setting up python3-dev (3.12.3-0ubuntu2.1) ...
[   60.952325] cloud-init[1045]: Setting up g++ (4:13.2.0-7ubuntu1) ...
[   60.967232] cloud-init[1045]: update-alternatives: using /usr/bin/g++ to provide /usr/bin/c++ (c++) in auto mode
[   60.979696] cloud-init[1045]: Setting up build-essential (12.10ubuntu1) ...
[   60.998099] cloud-init[1045]: Setting up libheif-plugin-aomdec:amd64 (1.17.6-1ubuntu4.2) ...
[   61.017272] cloud-init[1045]: Setting up libheif1:amd64 (1.17.6-1ubuntu4.2) ...
[   61.037579] cloud-init[1045]: Setting up libheif-plugin-libde265:amd64 (1.17.6-1ubuntu4.2) ...
[   61.056985] cloud-init[1045]: Setting up libheif-plugin-aomenc:amd64 (1.17.6-1ubuntu4.2) ...
[   61.076279] cloud-init[1045]: Processing triggers for libc-bin (2.39-0ubuntu8.7) ...
[   61.257617] cloud-init[1045]: Processing triggers for systemd (255.4-1ubuntu8.12) ...
[   61.306745] cloud-init[1045]: Processing triggers for man-db (2.12.0-4build2) ...
[   64.589963] cloud-init[1045]: Processing triggers for sgml-base (1.31) ...
[   64.624087] cloud-init[1045]: Setting up libfontconfig1:amd64 (2.15.0-1.1ubuntu2) ...
[   64.647565] cloud-init[1045]: Setting up libgd3:amd64 (2.3.3-9ubuntu5) ...
[   64.664931] cloud-init[1045]: Setting up libc-devtools (2.39-0ubuntu8.7) ...
[   64.682352] cloud-init[1045]: Processing triggers for libc-bin (2.39-0ubuntu8.7) ...
[   66.159634] cloud-init[1045]: Running kernel seems to be up-to-date.
[   66.161333] cloud-init[1045]: Restarting services...
[   66.191825] cloud-init[1045]: Service restarts being deferred:
[   66.193392] cloud-init[1045]:  systemctl restart cloud-final.service
[   66.194828] cloud-init[1045]:  systemctl restart networkd-dispatcher.service
[   66.196357] cloud-init[1045]:  systemctl restart unattended-upgrades.service
[   66.197934] cloud-init[1045]: No containers need to be restarted.
[   66.199292] cloud-init[1045]: No user sessions are running outdated binaries.
[   66.200884] cloud-init[1045]: No VM guests are running outdated hypervisor (qemu) binaries on this host.
[   67.728062] cloud-init[1045]: Cloning into '/opt/anomaly-detection'...
[   72.602882] cloud-init[1045]: Collecting boto3 (from -r /opt/anomaly-detection/requirements.txt (line 1))
[   72.649166] cloud-init[1045]:   Downloading boto3-1.42.66-py3-none-any.whl.metadata (6.7 kB)
[   72.822982] cloud-init[1045]: Collecting pandas (from -r /opt/anomaly-detection/requirements.txt (line 2))
[   72.828720] cloud-init[1045]:   Downloading pandas-3.0.1-cp312-cp312-manylinux_2_24_x86_64.manylinux_2_28_x86_64.whl.metadata (79 kB)
[   72.855084] cloud-init[1045]:      ━━━━━━━━━━━━━━━━━━━━━━━━━━━━━━━━━━━━━━━━ 79.5/79.5 kB 3.4 MB/s eta 0:00:00
[   73.185587] cloud-init[1045]: Collecting numpy (from -r /opt/anomaly-detection/requirements.txt (line 3))
[   73.191270] cloud-init[1045]:   Downloading numpy-2.4.3-cp312-cp312-manylinux_2_27_x86_64.manylinux_2_28_x86_64.whl.metadata (6.6 kB)
[   73.245626] cloud-init[1045]: Collecting requests (from -r /opt/anomaly-detection/requirements.txt (line 4))
[   73.252707] cloud-init[1045]:   Downloading requests-2.32.5-py3-none-any.whl.metadata (4.9 kB)
[   73.377835] cloud-init[1045]: Collecting scikit-learn (from -r /opt/anomaly-detection/requirements.txt (line 6))
[   73.387548] cloud-init[1045]:   Downloading scikit_learn-1.8.0-cp312-cp312-manylinux_2_27_x86_64.manylinux_2_28_x86_64.whl.metadata (11 kB)
[   73.497094] cloud-init[1045]: Collecting fastapi[standard] (from -r /opt/anomaly-detection/requirements.txt (line 5))
[   73.506049] cloud-init[1045]:   Downloading fastapi-0.135.1-py3-none-any.whl.metadata (30 kB)
[   74.176779] cloud-init[1045]: Collecting botocore<1.43.0,>=1.42.66 (from boto3->-r /opt/anomaly-detection/requirements.txt (line 1))
[   74.182878] cloud-init[1045]:   Downloading botocore-1.42.66-py3-none-any.whl.metadata (5.9 kB)
[   74.218234] cloud-init[1045]: Collecting jmespath<2.0.0,>=0.7.1 (from boto3->-r /opt/anomaly-detection/requirements.txt (line 1))
[   74.224552] cloud-init[1045]:   Downloading jmespath-1.1.0-py3-none-any.whl.metadata (7.6 kB)
[   74.267981] cloud-init[1045]: Collecting s3transfer<0.17.0,>=0.16.0 (from boto3->-r /opt/anomaly-detection/requirements.txt (line 1))
[   74.273927] cloud-init[1045]:   Downloading s3transfer-0.16.0-py3-none-any.whl.metadata (1.7 kB)
[   74.439275] cloud-init[1045]: Collecting python-dateutil>=2.8.2 (from pandas->-r /opt/anomaly-detection/requirements.txt (line 2))
[   74.446265] cloud-init[1045]:   Downloading python_dateutil-2.9.0.post0-py2.py3-none-any.whl.metadata (8.4 kB)
[   74.587360] cloud-init[1045]: Collecting charset_normalizer<4,>=2 (from requests->-r /opt/anomaly-detection/requirements.txt (line 4))
[   74.593835] cloud-init[1045]:   Downloading charset_normalizer-3.4.5-cp312-cp312-manylinux2014_x86_64.manylinux_2_17_x86_64.manylinux_2_28_x86_64.whl.metadata (39 kB)
[   74.637213] cloud-init[1045]: Collecting idna<4,>=2.5 (from requests->-r /opt/anomaly-detection/requirements.txt (line 4))
[   74.642924] cloud-init[1045]:   Downloading idna-3.11-py3-none-any.whl.metadata (8.4 kB)
[   74.712064] cloud-init[1045]: Collecting urllib3<3,>=1.21.1 (from requests->-r /opt/anomaly-detection/requirements.txt (line 4))
[   74.718096] cloud-init[1045]:   Downloading urllib3-2.6.3-py3-none-any.whl.metadata (6.9 kB)
[   74.764744] cloud-init[1045]: Collecting certifi>=2017.4.17 (from requests->-r /opt/anomaly-detection/requirements.txt (line 4))
[   74.770698] cloud-init[1045]:   Downloading certifi-2026.2.25-py3-none-any.whl.metadata (2.5 kB)
[   74.866658] cloud-init[1045]: Collecting starlette>=0.46.0 (from fastapi[standard]->-r /opt/anomaly-detection/requirements.txt (line 5))
[   74.872944] cloud-init[1045]:   Downloading starlette-0.52.1-py3-none-any.whl.metadata (6.3 kB)
[   75.061127] cloud-init[1045]: Collecting pydantic>=2.7.0 (from fastapi[standard]->-r /opt/anomaly-detection/requirements.txt (line 5))
[   75.067516] cloud-init[1045]:   Downloading pydantic-2.12.5-py3-none-any.whl.metadata (90 kB)
[   75.082219] cloud-init[1045]:      ━━━━━━━━━━━━━━━━━━━━━━━━━━━━━━━━━━━━━━━━ 90.6/90.6 kB 8.9 MB/s eta 0:00:00
[   75.121947] cloud-init[1045]: Collecting typing-extensions>=4.8.0 (from fastapi[standard]->-r /opt/anomaly-detection/requirements.txt (line 5))
[   75.128419] cloud-init[1045]:   Downloading typing_extensions-4.15.0-py3-none-any.whl.metadata (3.3 kB)
[   75.161745] cloud-init[1045]: Collecting typing-inspection>=0.4.2 (from fastapi[standard]->-r /opt/anomaly-detection/requirements.txt (line 5))
[   75.168524] cloud-init[1045]:   Downloading typing_inspection-0.4.2-py3-none-any.whl.metadata (2.6 kB)
[   75.199715] cloud-init[1045]: Collecting annotated-doc>=0.0.2 (from fastapi[standard]->-r /opt/anomaly-detection/requirements.txt (line 5))
[   75.205859] cloud-init[1045]:   Downloading annotated_doc-0.0.4-py3-none-any.whl.metadata (6.6 kB)
[   75.243992] cloud-init[1045]: Collecting fastapi-cli>=0.0.8 (from fastapi-cli[standard]>=0.0.8; extra == "standard"->fastapi[standard]->-r /opt/anomaly-detection/requirements.txt (line 5))
[   75.253370] cloud-init[1045]:   Downloading fastapi_cli-0.0.24-py3-none-any.whl.metadata (6.4 kB)
[   75.304696] cloud-init[1045]: Collecting httpx<1.0.0,>=0.23.0 (from fastapi[standard]->-r /opt/anomaly-detection/requirements.txt (line 5))
[   75.310865] cloud-init[1045]:   Downloading httpx-0.28.1-py3-none-any.whl.metadata (7.1 kB)
[   75.353447] cloud-init[1045]: Collecting jinja2>=3.1.5 (from fastapi[standard]->-r /opt/anomaly-detection/requirements.txt (line 5))
[   75.359388] cloud-init[1045]:   Downloading jinja2-3.1.6-py3-none-any.whl.metadata (2.9 kB)
[   75.395398] cloud-init[1045]: Collecting python-multipart>=0.0.18 (from fastapi[standard]->-r /opt/anomaly-detection/requirements.txt (line 5))
[   75.402098] cloud-init[1045]:   Downloading python_multipart-0.0.22-py3-none-any.whl.metadata (1.8 kB)
[   75.440191] cloud-init[1045]: Collecting email-validator>=2.0.0 (from fastapi[standard]->-r /opt/anomaly-detection/requirements.txt (line 5))
[   75.448204] cloud-init[1045]:   Downloading email_validator-2.3.0-py3-none-any.whl.metadata (26 kB)
[   75.512902] cloud-init[1045]: Collecting uvicorn>=0.12.0 (from uvicorn[standard]>=0.12.0; extra == "standard"->fastapi[standard]->-r /opt/anomaly-detection/requirements.txt (line 5))
[   75.519775] cloud-init[1045]:   Downloading uvicorn-0.41.0-py3-none-any.whl.metadata (6.7 kB)
[   75.563563] cloud-init[1045]: Collecting pydantic-settings>=2.0.0 (from fastapi[standard]->-r /opt/anomaly-detection/requirements.txt (line 5))
[   75.570122] cloud-init[1045]:   Downloading pydantic_settings-2.13.1-py3-none-any.whl.metadata (3.4 kB)
[   75.607535] cloud-init[1045]: Collecting pydantic-extra-types>=2.0.0 (from fastapi[standard]->-r /opt/anomaly-detection/requirements.txt (line 5))
[   75.615632] cloud-init[1045]:   Downloading pydantic_extra_types-2.11.0-py3-none-any.whl.metadata (4.0 kB)
[   75.926438] cloud-init[1045]: Collecting scipy>=1.10.0 (from scikit-learn->-r /opt/anomaly-detection/requirements.txt (line 6))
[   75.932605] cloud-init[1045]:   Downloading scipy-1.17.1-cp312-cp312-manylinux_2_27_x86_64.manylinux_2_28_x86_64.whl.metadata (62 kB)
[   75.946674] cloud-init[1045]:      ━━━━━━━━━━━━━━━━━━━━━━━━━━━━━━━━━━━━━━━━ 62.1/62.1 kB 6.0 MB/s eta 0:00:00
[   75.999363] cloud-init[1045]: Collecting joblib>=1.3.0 (from scikit-learn->-r /opt/anomaly-detection/requirements.txt (line 6))
[   76.005664] cloud-init[1045]:   Downloading joblib-1.5.3-py3-none-any.whl.metadata (5.5 kB)
[   76.039741] cloud-init[1045]: Collecting threadpoolctl>=3.2.0 (from scikit-learn->-r /opt/anomaly-detection/requirements.txt (line 6))
[   76.046364] cloud-init[1045]:   Downloading threadpoolctl-3.6.0-py3-none-any.whl.metadata (13 kB)
[   76.117618] cloud-init[1045]: Collecting dnspython>=2.0.0 (from email-validator>=2.0.0->fastapi[standard]->-r /opt/anomaly-detection/requirements.txt (line 5))
[   76.126888] cloud-init[1045]:   Downloading dnspython-2.8.0-py3-none-any.whl.metadata (5.7 kB)
[   76.190119] cloud-init[1045]: Collecting typer>=0.16.0 (from fastapi-cli>=0.0.8->fastapi-cli[standard]>=0.0.8; extra == "standard"->fastapi[standard]->-r /opt/anomaly-detection/requirements.txt (line 5))
[   76.198545] cloud-init[1045]:   Downloading typer-0.24.1-py3-none-any.whl.metadata (16 kB)
[   76.257652] cloud-init[1045]: Collecting rich-toolkit>=0.14.8 (from fastapi-cli>=0.0.8->fastapi-cli[standard]>=0.0.8; extra == "standard"->fastapi[standard]->-r /opt/anomaly-detection/requirements.txt (line 5))
[   76.265212] cloud-init[1045]:   Downloading rich_toolkit-0.19.7-py3-none-any.whl.metadata (1.0 kB)
[   76.314376] cloud-init[1045]: Collecting fastapi-cloud-cli>=0.1.1 (from fastapi-cli[standard]>=0.0.8; extra == "standard"->fastapi[standard]->-r /opt/anomaly-detection/requirements.txt (line 5))
[   76.321488] cloud-init[1045]:   Downloading fastapi_cloud_cli-0.15.0-py3-none-any.whl.metadata (3.3 kB)
[   76.378194] cloud-init[1045]: Collecting anyio (from httpx<1.0.0,>=0.23.0->fastapi[standard]->-r /opt/anomaly-detection/requirements.txt (line 5))
[   76.386196] cloud-init[1045]:   Downloading anyio-4.12.1-py3-none-any.whl.metadata (4.3 kB)
[   76.432740] cloud-init[1045]: Collecting httpcore==1.* (from httpx<1.0.0,>=0.23.0->fastapi[standard]->-r /opt/anomaly-detection/requirements.txt (line 5))
[   76.439086] cloud-init[1045]:   Downloading httpcore-1.0.9-py3-none-any.whl.metadata (21 kB)
[   76.479404] cloud-init[1045]: Collecting h11>=0.16 (from httpcore==1.*->httpx<1.0.0,>=0.23.0->fastapi[standard]->-r /opt/anomaly-detection/requirements.txt (line 5))
[   76.486127] cloud-init[1045]:   Downloading h11-0.16.0-py3-none-any.whl.metadata (8.3 kB)
[   76.586692] cloud-init[1045]: Collecting MarkupSafe>=2.0 (from jinja2>=3.1.5->fastapi[standard]->-r /opt/anomaly-detection/requirements.txt (line 5))
[   76.593125] cloud-init[1045]:   Downloading markupsafe-3.0.3-cp312-cp312-manylinux2014_x86_64.manylinux_2_17_x86_64.manylinux_2_28_x86_64.whl.metadata (2.7 kB)
[   76.638986] cloud-init[1045]: Collecting annotated-types>=0.6.0 (from pydantic>=2.7.0->fastapi[standard]->-r /opt/anomaly-detection/requirements.txt (line 5))
[   76.646365] cloud-init[1045]:   Downloading annotated_types-0.7.0-py3-none-any.whl.metadata (15 kB)
[   77.617938] cloud-init[1045]: Collecting pydantic-core==2.41.5 (from pydantic>=2.7.0->fastapi[standard]->-r /opt/anomaly-detection/requirements.txt (line 5))
[   77.624110] cloud-init[1045]:   Downloading pydantic_core-2.41.5-cp312-cp312-manylinux_2_17_x86_64.manylinux2014_x86_64.whl.metadata (7.3 kB)
[   77.713545] cloud-init[1045]: Collecting python-dotenv>=0.21.0 (from pydantic-settings>=2.0.0->fastapi[standard]->-r /opt/anomaly-detection/requirements.txt (line 5))
[   77.720099] cloud-init[1045]:   Downloading python_dotenv-1.2.2-py3-none-any.whl.metadata (27 kB)
[   77.762828] cloud-init[1045]: Collecting six>=1.5 (from python-dateutil>=2.8.2->pandas->-r /opt/anomaly-detection/requirements.txt (line 2))
[   77.769067] cloud-init[1045]:   Downloading six-1.17.0-py2.py3-none-any.whl.metadata (1.7 kB)
[   78.189573] cloud-init[1045]: Collecting click>=7.0 (from uvicorn>=0.12.0->uvicorn[standard]>=0.12.0; extra == "standard"->fastapi[standard]->-r /opt/anomaly-detection/requirements.txt (line 5))
[   78.196543] cloud-init[1045]:   Downloading click-8.3.1-py3-none-any.whl.metadata (2.6 kB)
[   78.272162] cloud-init[1045]: Collecting httptools>=0.6.3 (from uvicorn[standard]>=0.12.0; extra == "standard"->fastapi[standard]->-r /opt/anomaly-detection/requirements.txt (line 5))
[   78.278985] cloud-init[1045]:   Downloading httptools-0.7.1-cp312-cp312-manylinux1_x86_64.manylinux_2_28_x86_64.manylinux_2_5_x86_64.whl.metadata (3.5 kB)
[   78.350505] cloud-init[1045]: Collecting pyyaml>=5.1 (from uvicorn[standard]>=0.12.0; extra == "standard"->fastapi[standard]->-r /opt/anomaly-detection/requirements.txt (line 5))
[   78.357884] cloud-init[1045]:   Downloading pyyaml-6.0.3-cp312-cp312-manylinux2014_x86_64.manylinux_2_17_x86_64.manylinux_2_28_x86_64.whl.metadata (2.4 kB)
[   78.429259] cloud-init[1045]: Collecting uvloop>=0.15.1 (from uvicorn[standard]>=0.12.0; extra == "standard"->fastapi[standard]->-r /opt/anomaly-detection/requirements.txt (line 5))
[   78.438440] cloud-init[1045]:   Downloading uvloop-0.22.1-cp312-cp312-manylinux2014_x86_64.manylinux_2_17_x86_64.manylinux_2_28_x86_64.whl.metadata (4.9 kB)
[   78.553728] cloud-init[1045]: Collecting watchfiles>=0.20 (from uvicorn[standard]>=0.12.0; extra == "standard"->fastapi[standard]->-r /opt/anomaly-detection/requirements.txt (line 5))
[   78.560606] cloud-init[1045]:   Downloading watchfiles-1.1.1-cp312-cp312-manylinux_2_17_x86_64.manylinux2014_x86_64.whl.metadata (4.9 kB)
[   78.817167] cloud-init[1045]: Collecting websockets>=10.4 (from uvicorn[standard]>=0.12.0; extra == "standard"->fastapi[standard]->-r /opt/anomaly-detection/requirements.txt (line 5))
[   78.824122] cloud-init[1045]:   Downloading websockets-16.0-cp312-cp312-manylinux1_x86_64.manylinux_2_28_x86_64.manylinux_2_5_x86_64.whl.metadata (6.8 kB)
[   79.086892] cloud-init[1045]: Collecting rignore>=0.5.1 (from fastapi-cloud-cli>=0.1.1->fastapi-cli[standard]>=0.0.8; extra == "standard"->fastapi[standard]->-r /opt/anomaly-detection/requirements.txt (line 5))
[   79.095925] cloud-init[1045]:   Downloading rignore-0.7.6-cp312-cp312-manylinux_2_17_x86_64.manylinux2014_x86_64.whl.metadata (4.2 kB)
[   79.219803] cloud-init[1045]: Collecting sentry-sdk>=2.20.0 (from fastapi-cloud-cli>=0.1.1->fastapi-cli[standard]>=0.0.8; extra == "standard"->fastapi[standard]->-r /opt/anomaly-detection/requirements.txt (line 5))
[   79.227189] cloud-init[1045]:   Downloading sentry_sdk-2.54.0-py2.py3-none-any.whl.metadata (10 kB)
[   79.325623] cloud-init[1045]: Collecting fastar>=0.8.0 (from fastapi-cloud-cli>=0.1.1->fastapi-cli[standard]>=0.0.8; extra == "standard"->fastapi[standard]->-r /opt/anomaly-detection/requirements.txt (line 5))
[   79.334832] cloud-init[1045]:   Downloading fastar-0.8.0-cp312-cp312-manylinux_2_17_x86_64.manylinux2014_x86_64.whl.metadata (4.0 kB)
[   79.477974] cloud-init[1045]: Collecting rich>=13.7.1 (from rich-toolkit>=0.14.8->fastapi-cli>=0.0.8->fastapi-cli[standard]>=0.0.8; extra == "standard"->fastapi[standard]->-r /opt/anomaly-detection/requirements.txt (line 5))
[   79.485448] cloud-init[1045]:   Downloading rich-14.3.3-py3-none-any.whl.metadata (18 kB)
[   79.556206] cloud-init[1045]: Collecting shellingham>=1.3.0 (from typer>=0.16.0->fastapi-cli>=0.0.8->fastapi-cli[standard]>=0.0.8; extra == "standard"->fastapi[standard]->-r /opt/anomaly-detection/requirements.txt (line 5))
[   79.563709] cloud-init[1045]:   Downloading shellingham-1.5.4-py2.py3-none-any.whl.metadata (3.5 kB)
[   79.691178] cloud-init[1045]: Collecting markdown-it-py>=2.2.0 (from rich>=13.7.1->rich-toolkit>=0.14.8->fastapi-cli>=0.0.8->fastapi-cli[standard]>=0.0.8; extra == "standard"->fastapi[standard]->-r /opt/anomaly-detection/requirements.txt (line 5))
[   79.699388] cloud-init[1045]:   Downloading markdown_it_py-4.0.0-py3-none-any.whl.metadata (7.3 kB)
[   79.749548] cloud-init[1045]: Collecting pygments<3.0.0,>=2.13.0 (from rich>=13.7.1->rich-toolkit>=0.14.8->fastapi-cli>=0.0.8->fastapi-cli[standard]>=0.0.8; extra == "standard"->fastapi[standard]->-r /opt/anomaly-detection/requirements.txt (line 5))
[   79.757583] cloud-init[1045]:   Downloading pygments-2.19.2-py3-none-any.whl.metadata (2.5 kB)
[   79.890540] cloud-init[1045]: Collecting mdurl~=0.1 (from markdown-it-py>=2.2.0->rich>=13.7.1->rich-toolkit>=0.14.8->fastapi-cli>=0.0.8->fastapi-cli[standard]>=0.0.8; extra == "standard"->fastapi[standard]->-r /opt/anomaly-detection/requirements.txt (line 5))
[   79.898866] cloud-init[1045]:   Downloading mdurl-0.1.2-py3-none-any.whl.metadata (1.6 kB)
[   79.945245] cloud-init[1045]: Downloading boto3-1.42.66-py3-none-any.whl (140 kB)
[   79.959226] cloud-init[1045]:    ━━━━━━━━━━━━━━━━━━━━━━━━━━━━━━━━━━━━━━━━ 140.6/140.6 kB 13.4 MB/s eta 0:00:00
[   79.966979] cloud-init[1045]: Downloading pandas-3.0.1-cp312-cp312-manylinux_2_24_x86_64.manylinux_2_28_x86_64.whl (10.9 MB)
[   80.073177] cloud-init[1045]:    ━━━━━━━━━━━━━━━━━━━━━━━━━━━━━━━━━━━━━━━━ 10.9/10.9 MB 106.1 MB/s eta 0:00:00
[   80.078244] cloud-init[1045]: Downloading numpy-2.4.3-cp312-cp312-manylinux_2_27_x86_64.manylinux_2_28_x86_64.whl (16.6 MB)
[   80.237599] cloud-init[1045]:    ━━━━━━━━━━━━━━━━━━━━━━━━━━━━━━━━━━━━━━━━ 16.6/16.6 MB 97.1 MB/s eta 0:00:00
[   80.245118] cloud-init[1045]: Downloading requests-2.32.5-py3-none-any.whl (64 kB)
[   80.255230] cloud-init[1045]:    ━━━━━━━━━━━━━━━━━━━━━━━━━━━━━━━━━━━━━━━━ 64.7/64.7 kB 9.2 MB/s eta 0:00:00
[   80.262811] cloud-init[1045]: Downloading scikit_learn-1.8.0-cp312-cp312-manylinux_2_27_x86_64.manylinux_2_28_x86_64.whl (8.9 MB)
[   80.359321] cloud-init[1045]:    ━━━━━━━━━━━━━━━━━━━━━━━━━━━━━━━━━━━━━━━━ 8.9/8.9 MB 98.3 MB/s eta 0:00:00
[   80.366470] cloud-init[1045]: Downloading annotated_doc-0.0.4-py3-none-any.whl (5.3 kB)
[   80.382155] cloud-init[1045]: Downloading botocore-1.42.66-py3-none-any.whl (14.7 MB)
[   80.509888] cloud-init[1045]:    ━━━━━━━━━━━━━━━━━━━━━━━━━━━━━━━━━━━━━━━━ 14.7/14.7 MB 113.5 MB/s eta 0:00:00
[   80.516937] cloud-init[1045]: Downloading certifi-2026.2.25-py3-none-any.whl (153 kB)
[   80.531132] cloud-init[1045]:    ━━━━━━━━━━━━━━━━━━━━━━━━━━━━━━━━━━━━━━━━ 153.7/153.7 kB 15.0 MB/s eta 0:00:00
[   80.538312] cloud-init[1045]: Downloading charset_normalizer-3.4.5-cp312-cp312-manylinux2014_x86_64.manylinux_2_17_x86_64.manylinux_2_28_x86_64.whl (196 kB)
[   80.554173] cloud-init[1045]:    ━━━━━━━━━━━━━━━━━━━━━━━━━━━━━━━━━━━━━━━━ 196.3/196.3 kB 18.6 MB/s eta 0:00:00
[   80.561519] cloud-init[1045]: Downloading email_validator-2.3.0-py3-none-any.whl (35 kB)
[   80.575611] cloud-init[1045]: Downloading fastapi_cli-0.0.24-py3-none-any.whl (12 kB)
[   80.589664] cloud-init[1045]: Downloading httpx-0.28.1-py3-none-any.whl (73 kB)
[   80.603042] cloud-init[1045]:    ━━━━━━━━━━━━━━━━━━━━━━━━━━━━━━━━━━━━━━━━ 73.5/73.5 kB 6.9 MB/s eta 0:00:00
[   80.610408] cloud-init[1045]: Downloading httpcore-1.0.9-py3-none-any.whl (78 kB)
[   80.623430] cloud-init[1045]:    ━━━━━━━━━━━━━━━━━━━━━━━━━━━━━━━━━━━━━━━━ 78.8/78.8 kB 7.7 MB/s eta 0:00:00
[   80.630693] cloud-init[1045]: Downloading idna-3.11-py3-none-any.whl (71 kB)
[   80.643869] cloud-init[1045]:    ━━━━━━━━━━━━━━━━━━━━━━━━━━━━━━━━━━━━━━━━ 71.0/71.0 kB 6.8 MB/s eta 0:00:00
[   80.651049] cloud-init[1045]: Downloading jinja2-3.1.6-py3-none-any.whl (134 kB)
[   80.664708] cloud-init[1045]:    ━━━━━━━━━━━━━━━━━━━━━━━━━━━━━━━━━━━━━━━━ 134.9/134.9 kB 13.5 MB/s eta 0:00:00
[   80.671968] cloud-init[1045]: Downloading jmespath-1.1.0-py3-none-any.whl (20 kB)
[   80.686115] cloud-init[1045]: Downloading joblib-1.5.3-py3-none-any.whl (309 kB)
[   80.701987] cloud-init[1045]:    ━━━━━━━━━━━━━━━━━━━━━━━━━━━━━━━━━━━━━━━━ 309.1/309.1 kB 26.5 MB/s eta 0:00:00
[   80.709428] cloud-init[1045]: Downloading pydantic-2.12.5-py3-none-any.whl (463 kB)
[   80.726450] cloud-init[1045]:    ━━━━━━━━━━━━━━━━━━━━━━━━━━━━━━━━━━━━━━━━ 463.6/463.6 kB 35.4 MB/s eta 0:00:00
[   80.734912] cloud-init[1045]: Downloading pydantic_core-2.41.5-cp312-cp312-manylinux_2_17_x86_64.manylinux2014_x86_64.whl (2.1 MB)
[   80.763359] cloud-init[1045]:    ━━━━━━━━━━━━━━━━━━━━━━━━━━━━━━━━━━━━━━━━ 2.1/2.1 MB 88.8 MB/s eta 0:00:00
[   80.770696] cloud-init[1045]: Downloading pydantic_extra_types-2.11.0-py3-none-any.whl (74 kB)
[   80.784992] cloud-init[1045]:    ━━━━━━━━━━━━━━━━━━━━━━━━━━━━━━━━━━━━━━━━ 74.3/74.3 kB 6.8 MB/s eta 0:00:00
[   80.792347] cloud-init[1045]: Downloading pydantic_settings-2.13.1-py3-none-any.whl (58 kB)
[   80.806036] cloud-init[1045]:    ━━━━━━━━━━━━━━━━━━━━━━━━━━━━━━━━━━━━━━━━ 58.9/58.9 kB 5.4 MB/s eta 0:00:00
[   80.813164] cloud-init[1045]: Downloading python_dateutil-2.9.0.post0-py2.py3-none-any.whl (229 kB)
[   80.829383] cloud-init[1045]:    ━━━━━━━━━━━━━━━━━━━━━━━━━━━━━━━━━━━━━━━━ 229.9/229.9 kB 19.4 MB/s eta 0:00:00
[   80.836438] cloud-init[1045]: Downloading python_multipart-0.0.22-py3-none-any.whl (24 kB)
[   80.851339] cloud-init[1045]: Downloading s3transfer-0.16.0-py3-none-any.whl (86 kB)
[   80.864895] cloud-init[1045]:    ━━━━━━━━━━━━━━━━━━━━━━━━━━━━━━━━━━━━━━━━ 86.8/86.8 kB 8.4 MB/s eta 0:00:00
[   80.875945] cloud-init[1045]: Downloading scipy-1.17.1-cp312-cp312-manylinux_2_27_x86_64.manylinux_2_28_x86_64.whl (35.2 MB)
[   81.188056] cloud-init[1045]:    ━━━━━━━━━━━━━━━━━━━━━━━━━━━━━━━━━━━━━━━━ 35.2/35.2 MB 68.3 MB/s eta 0:00:00
[   81.192926] cloud-init[1045]: Downloading starlette-0.52.1-py3-none-any.whl (74 kB)
[   81.204356] cloud-init[1045]:    ━━━━━━━━━━━━━━━━━━━━━━━━━━━━━━━━━━━━━━━━ 74.3/74.3 kB 12.5 MB/s eta 0:00:00
[   81.209140] cloud-init[1045]: Downloading threadpoolctl-3.6.0-py3-none-any.whl (18 kB)
[   81.219110] cloud-init[1045]: Downloading typing_extensions-4.15.0-py3-none-any.whl (44 kB)
[   81.228356] cloud-init[1045]:    ━━━━━━━━━━━━━━━━━━━━━━━━━━━━━━━━━━━━━━━━ 44.6/44.6 kB 7.2 MB/s eta 0:00:00
[   81.235485] cloud-init[1045]: Downloading typing_inspection-0.4.2-py3-none-any.whl (14 kB)
[   81.245935] cloud-init[1045]: Downloading urllib3-2.6.3-py3-none-any.whl (131 kB)
[   81.255649] cloud-init[1045]:    ━━━━━━━━━━━━━━━━━━━━━━━━━━━━━━━━━━━━━━━━ 131.6/131.6 kB 22.4 MB/s eta 0:00:00
[   81.262930] cloud-init[1045]: Downloading uvicorn-0.41.0-py3-none-any.whl (68 kB)
[   81.272634] cloud-init[1045]:    ━━━━━━━━━━━━━━━━━━━━━━━━━━━━━━━━━━━━━━━━ 68.8/68.8 kB 10.8 MB/s eta 0:00:00
[   81.280307] cloud-init[1045]: Downloading fastapi-0.135.1-py3-none-any.whl (116 kB)
[   81.290703] cloud-init[1045]:    ━━━━━━━━━━━━━━━━━━━━━━━━━━━━━━━━━━━━━━━━ 117.0/117.0 kB 18.4 MB/s eta 0:00:00
[   81.298243] cloud-init[1045]: Downloading annotated_types-0.7.0-py3-none-any.whl (13 kB)
[   81.308933] cloud-init[1045]: Downloading anyio-4.12.1-py3-none-any.whl (113 kB)
[   81.318843] cloud-init[1045]:    ━━━━━━━━━━━━━━━━━━━━━━━━━━━━━━━━━━━━━━━━ 113.6/113.6 kB 20.0 MB/s eta 0:00:00
[   81.326957] cloud-init[1045]: Downloading click-8.3.1-py3-none-any.whl (108 kB)
[   81.337434] cloud-init[1045]:    ━━━━━━━━━━━━━━━━━━━━━━━━━━━━━━━━━━━━━━━━ 108.3/108.3 kB 16.2 MB/s eta 0:00:00
[   81.344836] cloud-init[1045]: Downloading dnspython-2.8.0-py3-none-any.whl (331 kB)
[   81.356435] cloud-init[1045]:    ━━━━━━━━━━━━━━━━━━━━━━━━━━━━━━━━━━━━━━━━ 331.1/331.1 kB 44.2 MB/s eta 0:00:00
[   81.363475] cloud-init[1045]: Downloading fastapi_cloud_cli-0.15.0-py3-none-any.whl (32 kB)
[   81.374314] cloud-init[1045]: Downloading h11-0.16.0-py3-none-any.whl (37 kB)
[   81.394743] cloud-init[1045]: Downloading httptools-0.7.1-cp312-cp312-manylinux1_x86_64.manylinux_2_28_x86_64.manylinux_2_5_x86_64.whl (517 kB)
[   81.409128] cloud-init[1045]:    ━━━━━━━━━━━━━━━━━━━━━━━━━━━━━━━━━━━━━━━━ 517.7/517.7 kB 56.4 MB/s eta 0:00:00
[   81.416525] cloud-init[1045]: Downloading markupsafe-3.0.3-cp312-cp312-manylinux2014_x86_64.manylinux_2_17_x86_64.manylinux_2_28_x86_64.whl (22 kB)
[   81.427852] cloud-init[1045]: Downloading python_dotenv-1.2.2-py3-none-any.whl (22 kB)
[   81.438718] cloud-init[1045]: Downloading pyyaml-6.0.3-cp312-cp312-manylinux2014_x86_64.manylinux_2_17_x86_64.manylinux_2_28_x86_64.whl (807 kB)
[   81.456093] cloud-init[1045]:    ━━━━━━━━━━━━━━━━━━━━━━━━━━━━━━━━━━━━━━━━ 807.9/807.9 kB 66.8 MB/s eta 0:00:00
[   81.463287] cloud-init[1045]: Downloading rich_toolkit-0.19.7-py3-none-any.whl (32 kB)
[   81.474734] cloud-init[1045]: Downloading six-1.17.0-py2.py3-none-any.whl (11 kB)
[   81.487141] cloud-init[1045]: Downloading typer-0.24.1-py3-none-any.whl (56 kB)
[   81.500165] cloud-init[1045]:    ━━━━━━━━━━━━━━━━━━━━━━━━━━━━━━━━━━━━━━━━ 56.1/56.1 kB 6.4 MB/s eta 0:00:00
[   81.506194] cloud-init[1045]: Downloading uvloop-0.22.1-cp312-cp312-manylinux2014_x86_64.manylinux_2_17_x86_64.manylinux_2_28_x86_64.whl (4.4 MB)
[   81.548382] cloud-init[1045]:    ━━━━━━━━━━━━━━━━━━━━━━━━━━━━━━━━━━━━━━━━ 4.4/4.4 MB 120.5 MB/s eta 0:00:00
[   81.557990] cloud-init[1045]: Downloading watchfiles-1.1.1-cp312-cp312-manylinux_2_17_x86_64.manylinux2014_x86_64.whl (456 kB)
[   81.575100] cloud-init[1045]:    ━━━━━━━━━━━━━━━━━━━━━━━━━━━━━━━━━━━━━━━━ 456.8/456.8 kB 38.0 MB/s eta 0:00:00
[   81.585172] cloud-init[1045]: Downloading websockets-16.0-cp312-cp312-manylinux1_x86_64.manylinux_2_28_x86_64.manylinux_2_5_x86_64.whl (184 kB)
[   81.601153] cloud-init[1045]:    ━━━━━━━━━━━━━━━━━━━━━━━━━━━━━━━━━━━━━━━━ 184.9/184.9 kB 16.6 MB/s eta 0:00:00
[   81.612143] cloud-init[1045]: Downloading fastar-0.8.0-cp312-cp312-manylinux_2_17_x86_64.manylinux2014_x86_64.whl (821 kB)
[   81.631585] cloud-init[1045]:    ━━━━━━━━━━━━━━━━━━━━━━━━━━━━━━━━━━━━━━━━ 821.6/821.6 kB 56.9 MB/s eta 0:00:00
[   81.638679] cloud-init[1045]: Downloading rich-14.3.3-py3-none-any.whl (310 kB)
[   81.654474] cloud-init[1045]:    ━━━━━━━━━━━━━━━━━━━━━━━━━━━━━━━━━━━━━━━━ 310.5/310.5 kB 25.9 MB/s eta 0:00:00
[   81.671820] cloud-init[1045]: Downloading rignore-0.7.6-cp312-cp312-manylinux_2_17_x86_64.manylinux2014_x86_64.whl (959 kB)
[   81.692748] cloud-init[1045]:    ━━━━━━━━━━━━━━━━━━━━━━━━━━━━━━━━━━━━━━━━ 959.8/959.8 kB 59.5 MB/s eta 0:00:00
[   81.700801] cloud-init[1045]: Downloading sentry_sdk-2.54.0-py2.py3-none-any.whl (439 kB)
[   81.718208] cloud-init[1045]:    ━━━━━━━━━━━━━━━━━━━━━━━━━━━━━━━━━━━━━━━━ 439.2/439.2 kB 34.9 MB/s eta 0:00:00
[   81.725964] cloud-init[1045]: Downloading shellingham-1.5.4-py2.py3-none-any.whl (9.8 kB)
[   81.740582] cloud-init[1045]: Downloading markdown_it_py-4.0.0-py3-none-any.whl (87 kB)
[   81.754522] cloud-init[1045]:    ━━━━━━━━━━━━━━━━━━━━━━━━━━━━━━━━━━━━━━━━ 87.3/87.3 kB 8.3 MB/s eta 0:00:00
[   81.762195] cloud-init[1045]: Downloading pygments-2.19.2-py3-none-any.whl (1.2 MB)
[   81.783913] cloud-init[1045]:    ━━━━━━━━━━━━━━━━━━━━━━━━━━━━━━━━━━━━━━━━ 1.2/1.2 MB 69.8 MB/s eta 0:00:00
[   81.791096] cloud-init[1045]: Downloading mdurl-0.1.2-py3-none-any.whl (10.0 kB)
[   82.722461] cloud-init[1045]: Installing collected packages: websockets, uvloop, urllib3, typing-extensions, threadpoolctl, six, shellingham, rignore, pyyaml, python-multipart, python-dotenv, pygments, numpy, mdurl, MarkupSafe, joblib, jmespath, idna, httptools, h11, fastar, dnspython, click, charset_normalizer, certifi, annotated-types, annotated-doc, uvicorn, typing-inspection, sentry-sdk, scipy, requests, python-dateutil, pydantic-core, markdown-it-py, jinja2, httpcore, email-validator, anyio, watchfiles, starlette, scikit-learn, rich, pydantic, pandas, httpx, botocore, typer, s3transfer, rich-toolkit, pydantic-settings, pydantic-extra-types, fastapi, fastapi-cloud-cli, fastapi-cli, boto3
[  106.305521] cloud-init[1045]: Successfully installed MarkupSafe-3.0.3 annotated-doc-0.0.4 annotated-types-0.7.0 anyio-4.12.1 boto3-1.42.66 botocore-1.42.66 certifi-2026.2.25 charset_normalizer-3.4.5 click-8.3.1 dnspython-2.8.0 email-validator-2.3.0 fastapi-0.135.1 fastapi-cli-0.0.24 fastapi-cloud-cli-0.15.0 fastar-0.8.0 h11-0.16.0 httpcore-1.0.9 httptools-0.7.1 httpx-0.28.1 idna-3.11 jinja2-3.1.6 jmespath-1.1.0 joblib-1.5.3 markdown-it-py-4.0.0 mdurl-0.1.2 numpy-2.4.3 pandas-3.0.1 pydantic-2.12.5 pydantic-core-2.41.5 pydantic-extra-types-2.11.0 pydantic-settings-2.13.1 pygments-2.19.2 python-dateutil-2.9.0.post0 python-dotenv-1.2.2 python-multipart-0.0.22 pyyaml-6.0.3 requests-2.32.5 rich-14.3.3 rich-toolkit-0.19.7 rignore-0.7.6 s3transfer-0.16.0 scikit-learn-1.8.0 scipy-1.17.1 sentry-sdk-2.54.0 shellingham-1.5.4 six-1.17.0 starlette-0.52.1 threadpoolctl-3.6.0 typer-0.24.1 typing-extensions-4.15.0 typing-inspection-0.4.2 urllib3-2.6.3 uvicorn-0.41.0 uvloop-0.22.1 watchfiles-1.1[2026-03-11T23:18:10.474896].1 websockets-16.0
ci-info: +++++++++++++++++++++++++++++++Authorized keys from /home/ubuntu/.ssh/authorized_keys for user ubuntu+++++++++++++++++++++++++++++++
ci-info: +---------+-------------------------------------------------------------------------------------------------+---------+------------+
ci-info: | Keytype |                                       Fingerprint (sha256)                                      | Options |  Comment   |
ci-info: +---------+-------------------------------------------------------------------------------------------------+---------+------------+
ci-info: | ssh-rsa | 44:2e:84:ec:ed:8c:ee:8a:71:8d:df:64:fd:a9:f7:cb:dc:db:21:e4:f4:12:b0:d4:02:6e:f8:e2:00:23:45:37 |    -    | ds_5220_v2 |
ci-info: +---------+-------------------------------------------------------------------------------------------------+---------+------------+
<14>Mar 11 23:18:11 cloud-init: #############################################################
<14>Mar 11 23:18:11 cloud-init: -----BEGIN SSH HOST KEY FINGERPRINTS-----
<14>Mar 11 23:18:11 cloud-init: 256 SHA256:pLiqGuMsgClRVHkYCHSOZzrSQmAxKhsJRKCvrruUlSc root@ip-172-31-17-185 (ECDSA)
<14>Mar 11 23:18:11 cloud-init: 256 SHA256:JBoSTk3dOfkkeU44GdG1duzAN1pntDVLhw8wEUo/ciM root@ip-172-31-17-185 (ED25519)
<14>Mar 11 23:18:11 cloud-init: 3072 SHA256:0RM05ae3xB5bW8PspqH2A6vOefEsAzrXqRpb0wif79k root@ip-172-31-17-185 (RSA)
<14>Mar 11 23:18:11 cloud-init: -----END SSH HOST KEY FINGERPRINTS-----
<14>Mar 11 23:18:11 cloud-init: #############################################################
-----BEGIN SSH HOST KEY KEYS-----
ecdsa-sha2-nistp256 AAAAE2VjZHNhLXNoYTItbmlzdHAyNTYAAAAIbmlzdHAyNTYAAABBBKFwrUiGl0lP2QJcx9nVE7esKrx6e2Id7of6mSTGlu5MuiZOZJw8vBuTSp80SPaj7ZqopuuICKhWhQpDOCt5Qok= root@ip-172-31-17-185
ssh-ed25519 AAAAC3NzaC1lZDI1NTE5AAAAIPPnkYiVRFK8zC9JXF17GvnseJwtM+3DBnxgSIIuUvsb root@ip-172-31-17-185
ssh-rsa AAAAB3NzaC1yc2EAAAADAQABAAABgQClQ7HMkXoPxYC62/ImkT+eZm70SQqteO4fXVapAxCcdPVTGAw0vUXCAYXy0KtZlN4C1ByScHJZyCGxC5b3zLdJiYtNZdq6+nI4KCoGJ1daOGVWW/mw0OJOC770bsSgLzewwrPSWklm43a0ZG0npDa19nCA/xKBSVdW094sAJ808FzBjzF7/z7lg4XFMv0NX03XrNFXhY+M2+XH8Ki474SrIfhKt3BQUWpkgZMloBeBm/CJRpnba7aLK2HiUq3CKOtig0juUMVr5cRkX41HNBe2dy4jGZUuaGc+3Ph6etRNgTll3jgMUZm+anA7dy+SZQ4JMN/XrGNqVdoer9xiJ89ifFYzGumCtU4O3q1ktYBpzd9QYfIn6qvpXU0nQKsirw1Q94zjsRFHQQPUEScE2ni3LRyD+Ltvsq+ygwz85YyyfAcAA5W5p8ESXM2uR8UJOGqth5Ygdth2u7rHGAb4lITq8T/Y88ZS+zfcemQVWrHrbPHs6alpgih27wYMy55uiFs= root@ip-172-31-17-185
-----END SSH HOST KEY KEYS-----
[  107.397026] cloud-init[1045]: Cloud-init v. 25.3-0ubuntu1~24.04.1 finished at Wed, 11 Mar 2026 23:18:11 +0000. Datasource DataSourceEc2Local.  Up 107.38 seconds
[  108.342941] cloud-init[1045]:    FastAPI   Starting production server 🚀
[  108.346858] cloud-init[1045]:  
[  108.348495] cloud-init[1045]:              Searching for package file structure from directories with
[  108.350577] cloud-init[1045]:              __init__.py files
[  111.280777] cloud-init[1045]:              Importing from /opt/anomaly-detection
[  111.282598] cloud-init[1045]:  
[  111.283906] cloud-init[1045]:     module   🐍 app.py
[  111.285295] cloud-init[1045]:  
[  111.286675] cloud-init[1045]:       code   Importing the FastAPI app object from the module with the following
[  111.288866] cloud-init[1045]:              code:
[  111.290075] cloud-init[1045]:  
[  111.291491] cloud-init[1045]:              from app import app
[  111.293102] cloud-init[1045]:  
[  111.294366] cloud-init[1045]:        app   Using import string: app:app
[  111.295984] cloud-init[1045]:  
[  111.297681] cloud-init[1045]:     server   Server started at http://0.0.0.0:8000
[  111.299311] cloud-init[1045]:     server   Documentation at http://0.0.0.0:8000/docs
[  111.301129] cloud-init[1045]:  
[  111.302245] cloud-init[1045]:              Logs:
[  111.303485] cloud-init[1045]:  
[  111.381775] cloud-init[1045]:       INFO   Started server process [2872]
[  111.383745] cloud-init[1045]:       INFO   Waiting for application startup.
[  111.385914] cloud-init[1045]:       INFO   Application startup complete.
[  111.389529] cloud-init[1045]:       INFO   Uvicorn running on http://0.0.0.0:8000 (Press CTRL+C to quit)
[  126.930166] cloud-init[1045]:       INFO   98.124.196.77:54070 - "GET /health HTTP/1.1" 200
[  257.390826] cloud-init[1045]:       INFO   15.221.161.56:41864 - "POST /notify HTTP/1.1" 200
[  313.507807] cloud-init[1045]:    WARNING   Invalid HTTP request received.
[  313.529672] cloud-init[1045]:    WARNING   Invalid HTTP request received.
[  315.647748] cloud-init[1045]:       INFO   98.124.196.77:54305 - "GET / HTTP/1.1" 404
[  315.824472] cloud-init[1045]:       INFO   98.124.196.77:54305 - "GET /favicon.ico HTTP/1.1" 404

